12
10
15
13
15
11
11
8
14
10
11
11
12
14
8
10
12
11
12
6
13
10
11
6
14
12
6
14
12
6
11
6
12
12
6
13
10
12
10
12
10
8
11
10
14
12
12
10
10
11
10
14
15
10
14
12
11
14
11
10
11
11
14
11
11
6
8
8
13
11
14
8
8
10
14
6
8
15
11
10
14
6
12
14
8
8
14
14
10
14
14
15
6
6
10
8
6
14
14
13
10
11
15
12
13
14
6
8
12
11
11
12
15
8
10
14
8
10
11
14
13
14
6
12
8
12
11
12
14
10
12
10
10
11
12
11
14
14
11
15
11
14
6
13
12
8
12
11
12
15
11
6
8
8
11
14
11
12
14
11
14
14
15
12
15
12
14
14
8
12
12
6
8
8
12
12
14
11
12
10
14
6
14
8
12
11
10
6
8
13
8
14
14
6
11
14
11
14
10
11
15
13
10
14
6
6
14
10
13
12
15
6
14
14
11
14
11
10
10
14
14
13
14
14
6
11
10
15
12
11
15
11
10
6
14
12
14
11
6
6
10
12
14
10
12
10
6
10
8
11
10
15
8
15
8
14
8
13
12
14
6
10
14
6
14
10
6
11
10
12
12
10
14
6
12
12
11
12
11
8
11
