17
8
13
6
12
9
6
16
5
12
7
10
10
17
12
9
10
9
9
17
12
7
8
12
16
10
11
13
8
15
11
9
11
14
10
5
6
9
9
10
17
15
10
7
7
8
9
7
17
10
6
9
17
12
16
9
16
6
11
13
5
13
8
9
7
11
7
9
10
12
6
15
16
7
7
14
11
7
13
11
12
8
11
17
6
8
9
14
11
10
12
12
7
12
17
5
11
13
11
9
11
7
16
15
13
5
11
17
11
11
10
10
9
9
9
9
13
13
15
17
5
16
10
7
7
13
7
7
12
12
9
13
8
10
11
9
7
12
17
12
5
9
16
11
7
6
9
12
7
13
12
14
12
6
17
16
5
9
15
10
11
9
10
12
11
12
7
9
9
7
17
17
10
10
9
7
11
6
12
12
14
9
12
15
12
17
11
10
14
17
11
12
11
13
5
11
11
7
12
5
9
7
9
13
12
9
17
8
16
12
7
7
14
8
9
10
14
8
7
10
5
13
12
8
9
12
14
6
10
12
12
10
9
14
5
10
10
11
15
9
13
16
13
10
7
11
7
7
9
8
15
12
14
14
17
17
17
9
10
10
13
10
17
16
15
14
11
11
10
9
17
14
12
17
17
12
8
15
12
12
7
10
16
11
11
12
11
9
