20
18
27
24
15
25
27
22
20
15
23
19
23
20
23
29
27
24
22
15
23
15
27
25
27
20
27
25
20
18
27
24
29
18
27
23
22
25
18
25
22
22
26
23
27
27
20
18
15
22
24
27
14
22
20
20
25
14
18
19
18
22
29
18
29
20
14
20
19
27
18
20
22
29
22
22
14
21
25
22
24
29
18
27
19
27
22
25
23
18
14
22
18
27
23
23
18
23
29
27
29
14
24
29
14
26
27
25
24
18
22
20
24
15
26
27
14
27
25
21
26
18
22
29
14
23
15
25
21
27
18
25
29
16
25
18
27
18
23
27
14
14
27
18
27
27
14
18
26
22
27
23
22
21
22
26
15
15
19
14
27
24
18
22
22
22
22
22
27
14
27
25
14
25
22
22
18
24
18
22
24
18
25
24
26
14
25
20
22
14
15
15
18
16
22
15
14
18
25
22
29
20
20
24
21
27
27
27
24
22
27
25
18
22
25
22
27
27
22
21
24
15
27
29
23
19
29
29
22
20
26
27
21
27
27
22
16
25
23
27
18
24
14
22
24
27
22
14
16
15
18
20
26
25
27
27
16
25
22
27
23
20
27
15
26
22
23
23
27
21
25
15
20
20
15
23
27
23
18
21
18
22
23
25
23
27
19
27
22
18
22
23
25
20
26
29
18
25
14
27
25
29
20
20
19
22
24
27
22
16
18
19
14
14
18
20
24
21
22
22
18
20
27
25
22
23
22
19
22
22
29
24
23
20
24
24
16
22
21
27
22
19
23
24
27
22
26
21
26
25
16
27
14
26
14
24
16
22
29
16
20
18
27
19
23
18
20
29
29
18
25
20
24
15
14
19
20
16
22
18
27
20
14
18
19
27
20
22
25
15
18
22
19
20
25
23
22
21
20
22
22
27
24
23
21
25
27
20
22
21
22
26
24
22
19
24
24
22
18
18
23
14
18
18
27
14
23
22
22
14
27
18
21
25
23
26
24
15
25
24
14
16
20
23
18
14
23
23
14
23
26
18
27
18
24
20
18
18
18
26
14
19
27
14
15
22
19
27
27
19
26
25
22
22
26
27
18
22
14
22
27
18
22
24
18
26
18
18
18
23
15
24
20
23
22
26
22
22
19
25
23
20
18
14
14
14
27
25
25
23
22
14
27
22
27
25
22
27
27
22
18
29
27
26
23
18
23
14
18
27
25
27
25
23
25
27
26
24
26
15
25
14
15
22
25
22
27
21
22
27
22
22
15
26
22
14
27
26
19
20
19
