28
24
26
32
34
24
21
29
21
21
24
34
28
25
15
29
34
25
25
30
29
28
28
26
20
25
31
24
26
32
32
24
28
30
21
25
21
31
24
22
29
22
24
32
28
22
21
29
25
21
32
28
24
28
32
29
34
15
31
29
25
30
34
34
19
24
30
26
24
25
26
34
20
28
32
24
19
15
28
15
28
20
24
19
24
25
34
25
21
31
19
32
21
28
20
26
30
21
24
24
32
24
28
26
27
20
26
28
19
21
25
26
25
25
32
24
28
28
32
31
34
25
28
28
25
24
30
34
19
24
24
19
20
21
21
27
24
27
27
25
29
28
32
21
15
24
24
32
25
24
29
28
21
25
31
22
34
28
26
30
30
32
32
34
28
22
15
24
29
24
32
21
24
28
24
27
28
19
20
32
24
21
28
30
31
21
24
24
34
27
21
21
21
27
20
32
32
24
24
30
25
28
24
29
32
30
15
31
21
24
21
30
21
34
29
26
30
24
22
34
34
29
21
24
28
24
25
24
29
27
20
15
29
25
25
28
28
21
25
34
28
22
29
28
27
32
24
24
32
21
29
19
27
22
19
24
25
28
28
25
21
24
21
31
25
29
34
21
30
21
19
32
15
28
25
20
22
32
26
32
28
25
32
19
15
24
34
24
26
22
28
27
21
32
25
20
28
21
24
24
19
24
34
27
25
24
26
19
19
29
22
24
25
24
34
21
29
32
32
15
24
32
20
21
25
24
31
25
21
28
21
32
32
24
28
32
24
22
15
32
34
32
15
24
28
19
29
32
26
25
28
25
24
25
29
26
32
25
26
32
24
21
25
24
24
25
24
19
34
29
25
19
28
21
24
27
21
30
20
32
24
24
30
24
32
15
26
21
28
21
15
31
15
28
24
25
25
34
34
24
24
20
24
24
15
25
31
21
21
32
30
26
20
21
28
24
34
22
24
29
32
31
21
32
28
30
24
27
20
24
21
24
28
24
19
25
21
26
19
26
19
34
24
24
34
27
32
34
25
19
19
30
34
20
34
28
25
27
26
34
28
27
25
22
24
24
32
26
25
28
29
32
21
27
28
25
21
24
20
29
19
25
31
20
25
22
24
21
28
21
24
30
22
21
32
31
20
25
28
34
30
19
24
24
26
26
25
24
21
25
24
28
32
21
21
30
25
20
24
25
28
28
30
29
24
25
25
32
27
20
32
25
24
24
21
19
15
28
31
26
34
25
29
19
31
34
25
21
29
30
28
28
28
19
34
21
20
25
22
21
26
30
28
27
31
26
28
28
28
29
27
24
30
32
26
15
22
32
26
21
26
32
24
34
28
29
28
28
24
15
25
25
31
24
21
24
24
25
30
32
20
20
30
27
24
20
32
24
34
21
28
26
24
24
25
34
24
25
21
34
31
24
19
31
34
25
24
15
15
21
34
30
25
22
21
24
21
29
34
34
24
24
30
25
27
25
29
26
34
24
27
30
22
25
32
32
34
19
26
34
34
29
28
28
19
28
22
25
15
